0 info it worked if it ends with ok
1 verbose cli [ '/usr/local/bin/node',
1 verbose cli   '/usr/local/bin/npm',
1 verbose cli   'run',
1 verbose cli   'fly',
1 verbose cli   'front' ]
2 info using npm@4.1.2
3 info using node@v7.6.0
4 verbose run-script [ 'prefly', 'fly', 'postfly' ]
5 info lifecycle ssh2_test@1.0.0~prefly: ssh2_test@1.0.0
6 silly lifecycle ssh2_test@1.0.0~prefly: no script for prefly, continuing
7 info lifecycle ssh2_test@1.0.0~fly: ssh2_test@1.0.0
8 verbose lifecycle ssh2_test@1.0.0~fly: unsafe-perm in lifecycle true
9 verbose lifecycle ssh2_test@1.0.0~fly: PATH: /usr/local/lib/node_modules/npm/bin/node-gyp-bin:/Users/josh.zhu/work/ssh2_test/node_modules/.bin:/usr/local/bin:/usr/bin:/bin:/usr/sbin:/sbin
10 verbose lifecycle ssh2_test@1.0.0~fly: CWD: /Users/josh.zhu/work/ssh2_test
11 silly lifecycle ssh2_test@1.0.0~fly: Args: [ '-c', 'node fly.js "front"' ]
12 silly lifecycle ssh2_test@1.0.0~fly: Returned: code: 1  signal: null
13 info lifecycle ssh2_test@1.0.0~fly: Failed to exec fly script
14 verbose stack Error: ssh2_test@1.0.0 fly: `node fly.js "front"`
14 verbose stack Exit status 1
14 verbose stack     at EventEmitter.<anonymous> (/usr/local/lib/node_modules/npm/lib/utils/lifecycle.js:279:16)
14 verbose stack     at emitTwo (events.js:106:13)
14 verbose stack     at EventEmitter.emit (events.js:192:7)
14 verbose stack     at ChildProcess.<anonymous> (/usr/local/lib/node_modules/npm/lib/utils/spawn.js:40:14)
14 verbose stack     at emitTwo (events.js:106:13)
14 verbose stack     at ChildProcess.emit (events.js:192:7)
14 verbose stack     at maybeClose (internal/child_process.js:890:16)
14 verbose stack     at Process.ChildProcess._handle.onexit (internal/child_process.js:226:5)
15 verbose pkgid ssh2_test@1.0.0
16 verbose cwd /Users/josh.zhu/work/ssh2_test
17 error Darwin 15.0.0
18 error argv "/usr/local/bin/node" "/usr/local/bin/npm" "run" "fly" "front"
19 error node v7.6.0
20 error npm  v4.1.2
21 error code ELIFECYCLE
22 error ssh2_test@1.0.0 fly: `node fly.js "front"`
22 error Exit status 1
23 error Failed at the ssh2_test@1.0.0 fly script 'node fly.js "front"'.
23 error Make sure you have the latest version of node.js and npm installed.
23 error If you do, this is most likely a problem with the ssh2_test package,
23 error not with npm itself.
23 error Tell the author that this fails on your system:
23 error     node fly.js "front"
23 error You can get information on how to open an issue for this project with:
23 error     npm bugs ssh2_test
23 error Or if that isn't available, you can get their info via:
23 error     npm owner ls ssh2_test
23 error There is likely additional logging output above.
24 verbose exit [ 1, true ]
